Sat Feb 28 14:19:48 UTC 2026: Daily automated update for DevSync compliance.
Sat Feb 28 14:30:18 UTC 2026: Daily automated update for DevSync compliance.
Sun Mar  1 04:32:28 UTC 2026: Daily automated update for DevSync compliance.
Mon Mar  2 04:25:04 UTC 2026: Daily automated update for DevSync compliance.
Tue Mar  3 04:24:44 UTC 2026: Daily automated update for DevSync compliance.
Wed Mar  4 04:19:00 UTC 2026: Daily automated update for DevSync compliance.
Thu Mar  5 04:22:14 UTC 2026: Daily automated update for DevSync compliance.
Fri Mar  6 04:18:47 UTC 2026: Daily automated update for DevSync compliance.
Sat Mar  7 04:10:58 UTC 2026: Daily automated update for DevSync compliance.
Sun Mar  8 04:22:08 UTC 2026: Daily automated update for DevSync compliance.
Mon Mar  9 04:28:41 UTC 2026: Daily automated update for DevSync compliance.
Tue Mar 10 04:19:37 UTC 2026: Daily automated update for DevSync compliance.
Wed Mar 11 04:20:00 UTC 2026: Daily automated update for DevSync compliance.
Thu Mar 12 04:23:40 UTC 2026: Daily automated update for DevSync compliance.
Fri Mar 13 04:22:33 UTC 2026: Daily automated update for DevSync compliance.
Sat Mar 14 04:20:51 UTC 2026: Daily automated update for DevSync compliance.
Sun Mar 15 04:42:53 UTC 2026: Daily automated update for DevSync compliance.
Mon Mar 16 05:02:02 UTC 2026: Daily automated update for DevSync compliance.
Tue Mar 17 04:28:35 UTC 2026: Daily automated update for DevSync compliance.
Wed Mar 18 04:33:51 UTC 2026: Daily automated update for DevSync compliance.
Thu Mar 19 04:32:44 UTC 2026: Daily automated update for DevSync compliance.
Fri Mar 20 04:24:15 UTC 2026: Daily automated update for DevSync compliance.
Sat Mar 21 04:15:38 UTC 2026: Daily automated update for DevSync compliance.
Sun Mar 22 04:30:56 UTC 2026: Daily automated update for DevSync compliance.
Mon Mar 23 04:39:21 UTC 2026: Daily automated update for DevSync compliance.
Tue Mar 24 04:29:15 UTC 2026: Daily automated update for DevSync compliance.
Wed Mar 25 04:30:56 UTC 2026: Daily automated update for DevSync compliance.
Thu Mar 26 04:42:45 UTC 2026: Daily automated update for DevSync compliance.
Fri Mar 27 04:43:34 UTC 2026: Daily automated update for DevSync compliance.
Sat Mar 28 04:30:54 UTC 2026: Daily automated update for DevSync compliance.
Sun Mar 29 04:58:11 UTC 2026: Daily automated update for DevSync compliance.
